Using saved setting for 'allow-unfree = true' from ~/.local/share/nix/trusted-settings.json.
Using saved setting for 'experimental-features = nix-command flakes' from ~/.local/share/nix/trusted-settings.json.
building the system configuration...
Using saved setting for 'allow-unfree = true' from ~/.local/share/nix/trusted-settings.json.
Using saved setting for 'experimental-features = nix-command flakes' from ~/.local/share/nix/trusted-settings.json.
evaluation warning: The option `services.xserver.xkbOptions' defined in `/nix/store/f0hw5l61lh63m2d0b4pi865f5szradl6-source/modules/desktop/environment/default.nix, via option flake.modules.nixos.desktop' has been renamed to `services.xserver.xkb.options'.
evaluation warning: The option `services.xserver.layout' defined in `/nix/store/f0hw5l61lh63m2d0b4pi865f5szradl6-source/modules/desktop/environment/default.nix, via option flake.modules.nixos.desktop' has been renamed to `services.xserver.xkb.layout'.
these 22 derivations will be built:
  /nix/store/8xsx3ajc1jbkv8jv8z6yabgkpyp055yj-system-path.drv
  /nix/store/0javabggy7gfvvisbyz8jh0nv7f70c9y-set-environment.drv
  /nix/store/5kpsrx9qzjj9w95ylsb6xs0qwl1v6n9g-dbus-1.drv
  /nix/store/14s7x08cr0nv0i2p4rqf8pf4anqcsv5c-X-Restart-Triggers-dbus.drv
  /nix/store/c5ww51amdmkyjphaanbq1gqxgp921fsk-ensure-all-wrappers-paths-exist.drv
  /nix/store/51g3wrgxrlwphvb26nzbhcqc6r9n5ykw-etc-profile.drv
  /nix/store/67j88nggwz51930dd4h33pq5g9sibi5l-etc-pam-environment.drv
  /nix/store/xnihnwgmdhy2ssbm76lbgfl6pc7aa78i-nixos-tmpfiles.d.drv
  /nix/store/b38nay2djlv4iy8cpmva29qmnwwzqbz6-tmpfiles.d.drv
  /nix/store/nz6p6hpm294cp0yb4hw3qljfg2kyba8l-X-Restart-Triggers-systemd-tmpfiles-resetup.drv
  /nix/store/4yx03880kzwnylg0zip00i2zrxhp0x92-unit-systemd-tmpfiles-resetup.service.drv
  /nix/store/jhsya4xrpfq1qwcb9khw3m9zzwq94g91-X-Restart-Triggers-polkit.drv
  /nix/store/hry15kbwg8yg9cwcibi501a1snx8nvj8-unit-polkit.service.drv
  /nix/store/mdyychvq1i1ndyliknxc1i6mqlkg3dpg-unit-dbus.service.drv
  /nix/store/j96khkscpn3p87ycmjvs4a9d5j9gl00p-unit-script-suid-sgid-wrappers-start.drv
  /nix/store/s8amr4q3kcidg30gdwjafbbcl8f54sff-unit-suid-sgid-wrappers.service.drv
  /nix/store/wbxg09j9sdy5l6w4ggsfiw6mvfbgzpw1-unit-accounts-daemon.service.drv
  /nix/store/90jbqi9kslbm4933f8b6lczgpz0p0hbz-system-units.drv
  /nix/store/9aqkrp10spdyzgmn51g93k658pmyyxza-unit-dbus.service.drv
  /nix/store/sq8y5i4y5vy640m0p1mkkwpz4f4d1rdj-user-units.drv
  /nix/store/xi1rglpii13yh6ha0xmic9grq430nbbx-etc.drv
  /nix/store/34v94zgzq2q4jlbl642kbd0pxr0ykz6h-nixos-system-guren-25.11.20250531.910796c.drv
building '/nix/store/8xsx3ajc1jbkv8jv8z6yabgkpyp055yj-system-path.drv'...
building '/nix/store/c5ww51amdmkyjphaanbq1gqxgp921fsk-ensure-all-wrappers-paths-exist.drv'...
building '/nix/store/xnihnwgmdhy2ssbm76lbgfl6pc7aa78i-nixos-tmpfiles.d.drv'...
building '/nix/store/j96khkscpn3p87ycmjvs4a9d5j9gl00p-unit-script-suid-sgid-wrappers-start.drv'...
building '/nix/store/b38nay2djlv4iy8cpmva29qmnwwzqbz6-tmpfiles.d.drv'...
building '/nix/store/s8amr4q3kcidg30gdwjafbbcl8f54sff-unit-suid-sgid-wrappers.service.drv'...
building '/nix/store/nz6p6hpm294cp0yb4hw3qljfg2kyba8l-X-Restart-Triggers-systemd-tmpfiles-resetup.drv'...
building '/nix/store/4yx03880kzwnylg0zip00i2zrxhp0x92-unit-systemd-tmpfiles-resetup.service.drv'...
building '/nix/store/jhsya4xrpfq1qwcb9khw3m9zzwq94g91-X-Restart-Triggers-polkit.drv'...
building '/nix/store/5kpsrx9qzjj9w95ylsb6xs0qwl1v6n9g-dbus-1.drv'...
building '/nix/store/67j88nggwz51930dd4h33pq5g9sibi5l-etc-pam-environment.drv'...
building '/nix/store/0javabggy7gfvvisbyz8jh0nv7f70c9y-set-environment.drv'...
building '/nix/store/wbxg09j9sdy5l6w4ggsfiw6mvfbgzpw1-unit-accounts-daemon.service.drv'...
building '/nix/store/14s7x08cr0nv0i2p4rqf8pf4anqcsv5c-X-Restart-Triggers-dbus.drv'...
building '/nix/store/51g3wrgxrlwphvb26nzbhcqc6r9n5ykw-etc-profile.drv'...
building '/nix/store/hry15kbwg8yg9cwcibi501a1snx8nvj8-unit-polkit.service.drv'...
building '/nix/store/9aqkrp10spdyzgmn51g93k658pmyyxza-unit-dbus.service.drv'...
building '/nix/store/mdyychvq1i1ndyliknxc1i6mqlkg3dpg-unit-dbus.service.drv'...
building '/nix/store/sq8y5i4y5vy640m0p1mkkwpz4f4d1rdj-user-units.drv'...
building '/nix/store/90jbqi9kslbm4933f8b6lczgpz0p0hbz-system-units.drv'...
building '/nix/store/xi1rglpii13yh6ha0xmic9grq430nbbx-etc.drv'...
building '/nix/store/34v94zgzq2q4jlbl642kbd0pxr0ykz6h-nixos-system-guren-25.11.20250531.910796c.drv'...
stopping the following units: accounts-daemon.service, samba-nmbd.service, samba-smbd.service, samba-winbindd.service, samba.target, system-samba.slice, systemd-tmpfiles-resetup.service
activating the configuration...
setting up /etc...
removing obsolete symlink ‘/etc/samba/smb.conf’...
removing obsolete symlink ‘/etc/pam.d/samba’...
[1;35mwarning:[0m /root/.nix-defexpr/channels exists, but channels have been disabled.
[1;35mwarning:[0m /nix/var/nix/profiles/per-user/root/channels exists, but channels have been disabled.
[1;35mwarning:[0m /root/.nix-defexpr/channels exists, but channels have been disabled.
Due to https://github.com/NixOS/nix/issues/9574, Nix may still use these channels when NIX_PATH is unset.
Delete the above directory or directories to prevent this.
reloading user units for henry...
restarting sysinit-reactivation.target
reloading the following units: dbus.service
restarting the following units: polkit.service
starting the following units: accounts-daemon.service, systemd-tmpfiles-resetup.service
the following new units were started: fwupd-refresh.service, fwupd.service, NetworkManager-dispatcher.service
Done. The new configuration is /nix/store/1rzdwk4s40nrkx4yqiy3v8h4awj462xh-nixos-system-guren-25.11.20250531.910796c
